Build started 28-09-2018 08:31:42.
     1>Project "c:\Users\Mukul\documents\visual studio 2013\Projects\LBG\LBG.vcxproj" on node 2 (Build target(s)).
     1>ClCompile:
         C:\Program Files (x86)\Microsoft Visual Studio 12.0\VC\bin\CL.exe /c /ZI /nologo /W3 /WX- /sdl /Od /Oy- /D WIN32 /D _DEBUG /D _CONSOLE /D _LIB /D _UNICODE /D UNICODE /Gm /EHsc /RTC1 /MDd /GS /fp:precise /Zc:wchar_t /Zc:forScope /Yu"stdafx.h" /Fp"Debug\LBG.pch" /Fo"Debug\\" /Fd"Debug\vc120.pdb" /Gd /TP /analyze- /errorReport:prompt LBG.cpp
         LBG.cpp
     1>c:\users\mukul\documents\visual studio 2013\projects\lbg\lbg.cpp(24): warning C4018: '<' : signed/unsigned mismatch
     1>c:\users\mukul\documents\visual studio 2013\projects\lbg\lbg.cpp(44): warning C4018: '<' : signed/unsigned mismatch
     1>c:\users\mukul\documents\visual studio 2013\projects\lbg\lbg.cpp(56): warning C4018: '<' : signed/unsigned mismatch
     1>c:\users\mukul\documents\visual studio 2013\projects\lbg\lbg.cpp(76): warning C4018: '<' : signed/unsigned mismatch
     1>c:\users\mukul\documents\visual studio 2013\projects\lbg\lbg.cpp(80): warning C4018: '<' : signed/unsigned mismatch
     1>c:\users\mukul\documents\visual studio 2013\projects\lbg\lbg.cpp(95): warning C4018: '<' : signed/unsigned mismatch
     1>c:\users\mukul\documents\visual studio 2013\projects\lbg\lbg.cpp(96): warning C4018: '<' : signed/unsigned mismatch
     1>c:\users\mukul\documents\visual studio 2013\projects\lbg\lbg.cpp(125): warning C4018: '<' : signed/unsigned mismatch
     1>c:\users\mukul\documents\visual studio 2013\projects\lbg\lbg.cpp(126): warning C4018: '<' : signed/unsigned mismatch
     1>c:\users\mukul\documents\visual studio 2013\projects\lbg\lbg.cpp(132): warning C4018: '<' : signed/unsigned mismatch
     1>c:\users\mukul\documents\visual studio 2013\projects\lbg\lbg.cpp(133): warning C4018: '<' : signed/unsigned mismatch
     1>c:\users\mukul\documents\visual studio 2013\projects\lbg\lbg.cpp(149): warning C4018: '<' : signed/unsigned mismatch
     1>c:\users\mukul\documents\visual studio 2013\projects\lbg\lbg.cpp(154): warning C4018: '<' : signed/unsigned mismatch
     1>c:\users\mukul\documents\visual studio 2013\projects\lbg\lbg.cpp(166): warning C4018: '<' : signed/unsigned mismatch
     1>c:\users\mukul\documents\visual studio 2013\projects\lbg\lbg.cpp(168): warning C4018: '<' : signed/unsigned mismatch
     1>c:\users\mukul\documents\visual studio 2013\projects\lbg\lbg.cpp(177): warning C4018: '<' : signed/unsigned mismatch
     1>c:\users\mukul\documents\visual studio 2013\projects\lbg\lbg.cpp(200): warning C4018: '<' : signed/unsigned mismatch
     1>c:\users\mukul\documents\visual studio 2013\projects\lbg\lbg.cpp(202): warning C4018: '<' : signed/unsigned mismatch
     1>c:\users\mukul\documents\visual studio 2013\projects\lbg\lbg.cpp(217): warning C4101: 'x' : unreferenced local variable
       Link:
         C:\Program Files (x86)\Microsoft Visual Studio 12.0\VC\bin\link.exe /ERRORREPORT:PROMPT /OUT:"c:\users\mukul\documents\visual studio 2013\Projects\LBG\Debug\LBG.exe" /INCREMENTAL /NOLOGO kernel32.lib user32.lib gdi32.lib winspool.lib comdlg32.lib advapi32.lib shell32.lib ole32.lib oleaut32.lib uuid.lib odbc32.lib odbccp32.lib /MANIFEST /MANIFESTUAC:"level='asInvoker' uiAccess='false'" /manifest:embed /DEBUG /PDB:"c:\users\mukul\documents\visual studio 2013\Projects\LBG\Debug\LBG.pdb" /SUBSYSTEM:CONSOLE /TLBID:1 /DYNAMICBASE /NXCOMPAT /IMPLIB:"c:\users\mukul\documents\visual studio 2013\Projects\LBG\Debug\LBG.lib" /MACHINE:X86 Debug\LBG.obj
         Debug\stdafx.obj
         LBG.vcxproj -> c:\users\mukul\documents\visual studio 2013\Projects\LBG\Debug\LBG.exe
     1>Done Building Project "c:\Users\Mukul\documents\visual studio 2013\Projects\LBG\LBG.vcxproj" (Build target(s)).

Build succeeded.

Time Elapsed 00:00:06.68
